<?xml version="1.0" encoding="UTF-8"?>
<testsuite name="Regression Test"
           tests="2"
           failures="0"
           errors="0"
           skipped="0"
           time="15.868">
  <properties />
  
  
            <testcase name="verifyProductArrangeInAlphaBaticalOrder" time="1.487" classname="com.nopcommerce.demo.testsuite.ComputerMenu" />
                <testcase name="verifyProductAddedToShoppingCartSuccessFully" time="14.381" classname="com.nopcommerce.demo.testsuite.ComputerMenu" />
      
</testsuite>
